[33mWARNING[0m:  [12-04-2025 22:14:12] chroma_server_nofile is set to 65535, but this is less than current soft limit of 1048576. chroma_server_nofile will not be set.
[32mINFO[0m:     [12-04-2025 22:14:12] Anonymized telemetry enabled. See                     https://docs.trychroma.com/telemetry for more information.
[36mDEBUG[0m:    [12-04-2025 22:14:12] Starting component System
[36mDEBUG[0m:    [12-04-2025 22:14:12] Starting component OpenTelemetryClient
[36mDEBUG[0m:    [12-04-2025 22:14:12] Starting component SqliteDB
[36mDEBUG[0m:    [12-04-2025 22:14:12] Starting component SimpleQuotaEnforcer
[36mDEBUG[0m:    [12-04-2025 22:14:12] Starting component Posthog
[36mDEBUG[0m:    [12-04-2025 22:14:12] Starting component SimpleRateLimitEnforcer
[36mDEBUG[0m:    [12-04-2025 22:14:12] Starting component LocalSegmentManager
[36mDEBUG[0m:    [12-04-2025 22:14:12] Starting component LocalExecutor
[36mDEBUG[0m:    [12-04-2025 22:14:12] Starting component SegmentAPI
[36mDEBUG[0m:    [12-04-2025 22:14:12] Starting component SimpleAsyncRateLimitEnforcer
[32mINFO[0m:     [12-04-2025 22:14:12] Started server process [[36m52398[0m]
[32mINFO[0m:     [12-04-2025 22:14:12] Waiting for application startup.
[32mINFO[0m:     [12-04-2025 22:14:12] Application startup complete.
[32mINFO[0m:     [12-04-2025 22:14:12] Uvicorn running on [1mhttp://localhost:8000[0m (Press CTRL+C to quit)
[32mINFO[0m:     [12-04-2025 22:14:30] 127.0.0.1:56670 - "GET /api/v2/tenants/default_tenant HTTP/1.1" 200
[32mINFO[0m:     [12-04-2025 22:14:30] 127.0.0.1:56682 - "GET /api/v2/tenants/default_tenant/databases/default_database HTTP/1.1" 200
[32mINFO[0m:     [12-04-2025 22:14:30] 127.0.0.1:56670 - "POST /api/v2/tenants/default_tenant/databases/default_database/collections HTTP/1.1" 200
[32mINFO[0m:     [12-04-2025 22:14:30] 127.0.0.1:56682 - "POST /api/v2/tenants/default_tenant/databases/default_database/collections HTTP/1.1" 200
[36mDEBUG[0m:    [12-04-2025 22:14:31] Starting component PersistentLocalHnswSegment
[32mINFO[0m:     [12-04-2025 22:14:31] 127.0.0.1:56670 - "POST /api/v2/tenants/default_tenant/databases/default_database/collections/26768b19-ed56-46f5-952b-e59ae2a8f799/add HTTP/1.1" 201
[32mINFO[0m:     [12-04-2025 22:14:32] 127.0.0.1:56670 - "POST /api/v2/tenants/default_tenant/databases/default_database/collections/26768b19-ed56-46f5-952b-e59ae2a8f799/add HTTP/1.1" 201
[36mDEBUG[0m:    [12-04-2025 22:14:32] Starting component PersistentLocalHnswSegment
[32mINFO[0m:     [12-04-2025 22:14:32] 127.0.0.1:56670 - "POST /api/v2/tenants/default_tenant/databases/default_database/collections/7c76b2c2-ba29-4a18-9351-c0e6a7ef9c04/add HTTP/1.1" 201
[32mINFO[0m:     [12-04-2025 22:14:33] 127.0.0.1:56670 - "POST /api/v2/tenants/default_tenant/databases/default_database/collections/7c76b2c2-ba29-4a18-9351-c0e6a7ef9c04/add HTTP/1.1" 201
[33mWARNING[0m:  [12-04-2025 22:14:33] Number of requested results 5 is greater than number of elements in index 2, updating n_results = 2
[32mINFO[0m:     [12-04-2025 22:14:33] 127.0.0.1:56670 - "POST /api/v2/tenants/default_tenant/databases/default_database/collections/26768b19-ed56-46f5-952b-e59ae2a8f799/query HTTP/1.1" 200
[33mWARNING[0m:  [12-04-2025 22:14:34] Number of requested results 5 is greater than number of elements in index 2, updating n_results = 2
[32mINFO[0m:     [12-04-2025 22:14:34] 127.0.0.1:56670 - "POST /api/v2/tenants/default_tenant/databases/default_database/collections/7c76b2c2-ba29-4a18-9351-c0e6a7ef9c04/query HTTP/1.1" 200
[33mWARNING[0m:  [16-04-2025 05:00:03] chroma_server_nofile is set to 65535, but this is less than current soft limit of 1048576. chroma_server_nofile will not be set.
[32mINFO[0m:     [16-04-2025 05:00:03] Anonymized telemetry enabled. See                     https://docs.trychroma.com/telemetry for more information.
[36mDEBUG[0m:    [16-04-2025 05:00:03] Starting component System
[36mDEBUG[0m:    [16-04-2025 05:00:03] Starting component OpenTelemetryClient
[36mDEBUG[0m:    [16-04-2025 05:00:03] Starting component SqliteDB
[36mDEBUG[0m:    [16-04-2025 05:00:03] Starting component SimpleQuotaEnforcer
[36mDEBUG[0m:    [16-04-2025 05:00:03] Starting component Posthog
[36mDEBUG[0m:    [16-04-2025 05:00:03] Starting component SimpleRateLimitEnforcer
[36mDEBUG[0m:    [16-04-2025 05:00:03] Starting component LocalSegmentManager
[36mDEBUG[0m:    [16-04-2025 05:00:03] Starting component LocalExecutor
[36mDEBUG[0m:    [16-04-2025 05:00:03] Starting component SegmentAPI
[36mDEBUG[0m:    [16-04-2025 05:00:03] Starting component SimpleAsyncRateLimitEnforcer
[32mINFO[0m:     [16-04-2025 05:00:03] Started server process [[36m9832[0m]
[32mINFO[0m:     [16-04-2025 05:00:03] Waiting for application startup.
[32mINFO[0m:     [16-04-2025 05:00:03] Application startup complete.
[32mINFO[0m:     [16-04-2025 05:00:03] Uvicorn running on [1mhttp://0.0.0.0:8000[0m (Press CTRL+C to quit)
[32mINFO[0m:     [16-04-2025 05:20:10] 127.0.0.1:55326 - "GET //api/v2/tenants/default_tenant HTTP/1.1" 404
[32mINFO[0m:     [16-04-2025 05:21:06] 127.0.0.1:60454 - "GET //api/v2/tenants/default_tenant HTTP/1.1" 404
[32mINFO[0m:     [16-04-2025 05:25:05] Shutting down
[32mINFO[0m:     [16-04-2025 05:25:05] Waiting for application shutdown.
[36mDEBUG[0m:    [16-04-2025 05:25:05] Stopping component System
[36mDEBUG[0m:    [16-04-2025 05:25:05] Stopping component SegmentAPI
[36mDEBUG[0m:    [16-04-2025 05:25:05] Stopping component LocalExecutor
[36mDEBUG[0m:    [16-04-2025 05:25:05] Stopping component LocalSegmentManager
[36mDEBUG[0m:    [16-04-2025 05:25:05] Stopping component SimpleAsyncRateLimitEnforcer
[36mDEBUG[0m:    [16-04-2025 05:25:05] Stopping component SimpleRateLimitEnforcer
[36mDEBUG[0m:    [16-04-2025 05:25:05] Stopping component Posthog
[36mDEBUG[0m:    [16-04-2025 05:25:05] Stopping component SimpleQuotaEnforcer
[36mDEBUG[0m:    [16-04-2025 05:25:05] Stopping component SqliteDB
[36mDEBUG[0m:    [16-04-2025 05:25:05] Stopping component OpenTelemetryClient
[32mINFO[0m:     [16-04-2025 05:25:05] Application shutdown complete.
[32mINFO[0m:     [16-04-2025 05:25:05] Finished server process [[36m9832[0m]
[33mWARNING[0m:  [16-04-2025 05:29:55] chroma_server_nofile is set to 65535, but this is less than current soft limit of 1048576. chroma_server_nofile will not be set.
[32mINFO[0m:     [16-04-2025 05:29:55] Anonymized telemetry enabled. See                     https://docs.trychroma.com/telemetry for more information.
[36mDEBUG[0m:    [16-04-2025 05:29:55] Starting component System
[36mDEBUG[0m:    [16-04-2025 05:29:55] Starting component OpenTelemetryClient
[36mDEBUG[0m:    [16-04-2025 05:29:55] Starting component SqliteDB
[36mDEBUG[0m:    [16-04-2025 05:29:55] Starting component SimpleQuotaEnforcer
[36mDEBUG[0m:    [16-04-2025 05:29:55] Starting component Posthog
[36mDEBUG[0m:    [16-04-2025 05:29:55] Starting component SimpleRateLimitEnforcer
[36mDEBUG[0m:    [16-04-2025 05:29:55] Starting component LocalSegmentManager
[36mDEBUG[0m:    [16-04-2025 05:29:55] Starting component LocalExecutor
[36mDEBUG[0m:    [16-04-2025 05:29:55] Starting component SegmentAPI
[32mINFO[0m:     [16-04-2025 05:29:55] Started server process [[36m30773[0m]
[32mINFO[0m:     [16-04-2025 05:29:55] Waiting for application startup.
[32mINFO[0m:     [16-04-2025 05:29:55] Application startup complete.
[32mINFO[0m:     [16-04-2025 05:29:55] Uvicorn running on [1mhttp://0.0.0.0:8000[0m (Press CTRL+C to quit)
[32mINFO[0m:     [16-04-2025 05:32:00] 127.0.0.1:47864 - "GET //api/v2/tenants/default_tenant HTTP/1.1" 404
[32mINFO[0m:     [16-04-2025 05:33:14] 127.0.0.1:45150 - "GET //api/v2/tenants/default_tenant HTTP/1.1" 404
[32mINFO[0m:     [16-04-2025 05:33:42] 127.0.0.1:50822 - "GET /api/v1/heartbeat HTTP/1.1" 200
[32mINFO[0m:     [16-04-2025 05:35:26] 127.0.0.1:37588 - "GET //api/v2/tenants/default_tenant HTTP/1.1" 404
[32mINFO[0m:     [16-04-2025 05:37:19] 127.0.0.1:42316 - "GET //api/v2/tenants/default_tenant HTTP/1.1" 404
[32mINFO[0m:     [16-04-2025 05:38:26] 127.0.0.1:37322 - "GET //api/v2/tenants/default_tenant HTTP/1.1" 404
[32mINFO[0m:     [16-04-2025 05:38:27] 127.0.0.1:37322 - "GET /favicon.ico HTTP/1.1" 404
[32mINFO[0m:     [16-04-2025 05:39:08] 127.0.0.1:41438 - "GET //api/v2/tenants/default_tenant HTTP/1.1" 404
[32mINFO[0m:     [16-04-2025 05:41:06] 127.0.0.1:46658 - "GET /api/v2/tenants/default_tenant HTTP/1.1" 200
[32mINFO[0m:     [16-04-2025 05:41:06] 127.0.0.1:46672 - "GET /api/v2/tenants/default_tenant/databases/default_database HTTP/1.1" 200
[32mINFO[0m:     [16-04-2025 05:41:06] 127.0.0.1:46658 - "POST /api/v2/tenants/default_tenant/databases/default_database/collections HTTP/1.1" 400
[32mINFO[0m:     [16-04-2025 05:43:50] 127.0.0.1:56268 - "GET /api/v2/tenants/default_tenant HTTP/1.1" 200
[32mINFO[0m:     [16-04-2025 05:43:50] 127.0.0.1:56284 - "GET /api/v2/tenants/default_tenant/databases/default_database HTTP/1.1" 200
[32mINFO[0m:     [16-04-2025 05:43:50] 127.0.0.1:56268 - "POST /api/v2/tenants/default_tenant/databases/default_database/collections HTTP/1.1" 400
[32mINFO[0m:     [16-04-2025 05:45:37] Shutting down
[32mINFO[0m:     [16-04-2025 05:45:37] Waiting for application shutdown.
[36mDEBUG[0m:    [16-04-2025 05:45:37] Stopping component System
[36mDEBUG[0m:    [16-04-2025 05:45:37] Stopping component SegmentAPI
[36mDEBUG[0m:    [16-04-2025 05:45:37] Stopping component LocalExecutor
[36mDEBUG[0m:    [16-04-2025 05:45:37] Stopping component LocalSegmentManager
[36mDEBUG[0m:    [16-04-2025 05:45:37] Stopping component SimpleRateLimitEnforcer
[36mDEBUG[0m:    [16-04-2025 05:45:37] Stopping component Posthog
[36mDEBUG[0m:    [16-04-2025 05:45:37] Stopping component SimpleQuotaEnforcer
[36mDEBUG[0m:    [16-04-2025 05:45:37] Stopping component SqliteDB
[36mDEBUG[0m:    [16-04-2025 05:45:37] Stopping component OpenTelemetryClient
[32mINFO[0m:     [16-04-2025 05:45:37] Application shutdown complete.
[32mINFO[0m:     [16-04-2025 05:45:37] Finished server process [[36m30773[0m]
[33mWARNING[0m:  [16-04-2025 05:45:39] chroma_server_nofile is set to 65535, but this is less than current soft limit of 1048576. chroma_server_nofile will not be set.
[32mINFO[0m:     [16-04-2025 05:45:40] Anonymized telemetry enabled. See                     https://docs.trychroma.com/telemetry for more information.
[36mDEBUG[0m:    [16-04-2025 05:45:40] Starting component System
[36mDEBUG[0m:    [16-04-2025 05:45:40] Starting component OpenTelemetryClient
[36mDEBUG[0m:    [16-04-2025 05:45:40] Starting component SqliteDB
[36mDEBUG[0m:    [16-04-2025 05:45:40] Starting component SimpleQuotaEnforcer
[36mDEBUG[0m:    [16-04-2025 05:45:40] Starting component Posthog
[36mDEBUG[0m:    [16-04-2025 05:45:40] Starting component SimpleRateLimitEnforcer
[36mDEBUG[0m:    [16-04-2025 05:45:40] Starting component LocalSegmentManager
[36mDEBUG[0m:    [16-04-2025 05:45:40] Starting component LocalExecutor
[36mDEBUG[0m:    [16-04-2025 05:45:40] Starting component SegmentAPI
[32mINFO[0m:     [16-04-2025 05:45:40] Started server process [[36m42729[0m]
[32mINFO[0m:     [16-04-2025 05:45:40] Waiting for application startup.
[32mINFO[0m:     [16-04-2025 05:45:40] Application startup complete.
[32mINFO[0m:     [16-04-2025 05:45:40] Uvicorn running on [1mhttp://0.0.0.0:8000[0m (Press CTRL+C to quit)
[32mINFO[0m:     [16-04-2025 05:45:45] 127.0.0.1:39332 - "GET /api/v2/tenants/default_tenant HTTP/1.1" 200
[32mINFO[0m:     [16-04-2025 05:45:45] 127.0.0.1:39340 - "GET /api/v2/tenants/default_tenant/databases/default_database HTTP/1.1" 200
[32mINFO[0m:     [16-04-2025 05:45:45] 127.0.0.1:39332 - "POST /api/v2/tenants/default_tenant/databases/default_database/collections HTTP/1.1" 400
[32mINFO[0m:     [16-04-2025 05:48:14] 127.0.0.1:45736 - "GET /api/v2/tenants/default_tenant HTTP/1.1" 200
[32mINFO[0m:     [16-04-2025 05:48:14] 127.0.0.1:45738 - "GET /api/v2/tenants/default_tenant/databases/default_database HTTP/1.1" 200
[32mINFO[0m:     [16-04-2025 05:48:14] 127.0.0.1:45736 - "GET /api/v2/tenants/default_tenant/databases/default_database/collections/actor_faces HTTP/1.1" 400
[32mINFO[0m:     [16-04-2025 05:48:14] 127.0.0.1:45738 - "POST /api/v2/tenants/default_tenant/databases/default_database/collections HTTP/1.1" 400
[32mINFO[0m:     [16-04-2025 05:48:14] 127.0.0.1:45736 - "POST /api/v2/tenants/default_tenant/databases/default_database/collections HTTP/1.1" 200
[32mINFO[0m:     [16-04-2025 05:49:57] 127.0.0.1:56396 - "GET /api/v2/tenants/default_tenant HTTP/1.1" 200
[32mINFO[0m:     [16-04-2025 05:49:57] 127.0.0.1:56402 - "GET /api/v2/tenants/default_tenant/databases/default_database HTTP/1.1" 200
[32mINFO[0m:     [16-04-2025 05:49:57] 127.0.0.1:56396 - "GET /api/v2/tenants/default_tenant/databases/default_database/collections/actor_faces HTTP/1.1" 200
[32mINFO[0m:     [16-04-2025 16:08:09] 127.0.0.1:34954 - "GET /api/v2/tenants/default_tenant HTTP/1.1" 200
[32mINFO[0m:     [16-04-2025 16:08:09] 127.0.0.1:34960 - "GET /api/v2/tenants/default_tenant/databases/default_database HTTP/1.1" 200
[32mINFO[0m:     [16-04-2025 16:08:09] 127.0.0.1:34954 - "GET /api/v2/tenants/default_tenant/databases/default_database/collections/actor_faces HTTP/1.1" 200
[32mINFO[0m:     [16-04-2025 16:09:04] 127.0.0.1:44476 - "GET /api/v2/tenants/default_tenant HTTP/1.1" 200
[32mINFO[0m:     [16-04-2025 16:09:04] 127.0.0.1:44488 - "GET /api/v2/tenants/default_tenant/databases/default_database HTTP/1.1" 200
[32mINFO[0m:     [16-04-2025 16:09:04] 127.0.0.1:44476 - "GET /api/v2/tenants/default_tenant/databases/default_database/collections/actor_faces HTTP/1.1" 200
[33mWARNING[0m:  [23-04-2025 06:47:38] chroma_server_nofile is set to 65535, but this is less than current soft limit of 1048576. chroma_server_nofile will not be set.
[32mINFO[0m:     [23-04-2025 06:47:38] Anonymized telemetry enabled. See                     https://docs.trychroma.com/telemetry for more information.
[36mDEBUG[0m:    [23-04-2025 06:47:38] Starting component System
[36mDEBUG[0m:    [23-04-2025 06:47:38] Starting component OpenTelemetryClient
[36mDEBUG[0m:    [23-04-2025 06:47:38] Starting component SimpleAssignmentPolicy
[36mDEBUG[0m:    [23-04-2025 06:47:38] Starting component SqliteDB
[36mDEBUG[0m:    [23-04-2025 06:47:38] Starting component QuotaEnforcer
[36mDEBUG[0m:    [23-04-2025 06:47:38] Starting component Posthog
[36mDEBUG[0m:    [23-04-2025 06:47:38] Starting component LocalSegmentManager
[36mDEBUG[0m:    [23-04-2025 06:47:38] Starting component SegmentAPI
[32mINFO[0m:     [23-04-2025 06:47:38] Started server process [[36m88820[0m]
[32mINFO[0m:     [23-04-2025 06:47:38] Waiting for application startup.
[32mINFO[0m:     [23-04-2025 06:47:38] Application startup complete.
[32mINFO[0m:     [23-04-2025 06:47:38] Uvicorn running on [1mhttp://0.0.0.0:8000[0m (Press CTRL+C to quit)
[32mINFO[0m:     [23-04-2025 06:48:02] 127.0.0.1:45036 - "GET /api/v2/tenants/default_tenant HTTP/1.1" 404
[32mINFO[0m:     [23-04-2025 06:53:18] 127.0.0.1:36744 - "GET /api/v1/tenants/default_tenant HTTP/1.1" 200
[32mINFO[0m:     [23-04-2025 06:53:18] 127.0.0.1:36744 - "GET /api/v1/databases/default_database?tenant=default_tenant HTTP/1.1" 200
[31mERROR[0m:    [23-04-2025 06:53:18] no such column: collections.topic
Traceback (most recent call last):
  File "/usr/local/lib/python3.10/dist-packages/anyio/streams/memory.py", line 111, in receive
    return self.receive_nowait()
  File "/usr/local/lib/python3.10/dist-packages/anyio/streams/memory.py", line 106, in receive_nowait
    raise WouldBlock
anyio.WouldBlock

During handling of the above exception, another exception occurred:

Traceback (most recent call last):
  File "/usr/local/lib/python3.10/dist-packages/anyio/streams/memory.py", line 124, in receive
    return receiver.item
AttributeError: 'MemoryObjectItemReceiver' object has no attribute 'item'

During handling of the above exception, another exception occurred:

Traceback (most recent call last):
  File "/usr/local/lib/python3.10/dist-packages/starlette/middleware/base.py", line 148, in call_next
    message = await recv_stream.receive()
  File "/usr/local/lib/python3.10/dist-packages/anyio/streams/memory.py", line 126, in receive
    raise EndOfStream
anyio.EndOfStream

During handling of the above exception, another exception occurred:

Traceback (most recent call last):
  File "/usr/local/lib/python3.10/dist-packages/chromadb/server/fastapi/__init__.py", line 82, in catch_exceptions_middleware
    return await call_next(request)
  File "/usr/local/lib/python3.10/dist-packages/starlette/middleware/base.py", line 154, in call_next
    raise app_exc
  File "/usr/local/lib/python3.10/dist-packages/starlette/middleware/base.py", line 141, in coro
    await self.app(scope, receive_or_disconnect, send_no_error)
  File "/usr/local/lib/python3.10/dist-packages/starlette/middleware/base.py", line 177, in __call__
    with recv_stream, send_stream, collapse_excgroups():
  File "/usr/lib/python3.10/contextlib.py", line 153, in __exit__
    self.gen.throw(typ, value, traceback)
  File "/usr/local/lib/python3.10/dist-packages/starlette/_utils.py", line 82, in collapse_excgroups
    raise exc
  File "/usr/local/lib/python3.10/dist-packages/starlette/middleware/base.py", line 179, in __call__
    response = await self.dispatch_func(request, call_next)
  File "/usr/local/lib/python3.10/dist-packages/chromadb/server/fastapi/__init__.py", line 96, in check_http_version_middleware
    return await call_next(request)
  File "/usr/local/lib/python3.10/dist-packages/starlette/middleware/base.py", line 154, in call_next
    raise app_exc
  File "/usr/local/lib/python3.10/dist-packages/starlette/middleware/base.py", line 141, in coro
    await self.app(scope, receive_or_disconnect, send_no_error)
  File "/usr/local/lib/python3.10/dist-packages/starlette/middleware/exceptions.py", line 62, in __call__
    await wrap_app_handling_exceptions(self.app, conn)(scope, receive, send)
  File "/usr/local/lib/python3.10/dist-packages/starlette/_exception_handler.py", line 53, in wrapped_app
    raise exc
  File "/usr/local/lib/python3.10/dist-packages/starlette/_exception_handler.py", line 42, in wrapped_app
    await app(scope, receive, sender)
  File "/usr/local/lib/python3.10/dist-packages/starlette/routing.py", line 715, in __call__
    await self.middleware_stack(scope, receive, send)
  File "/usr/local/lib/python3.10/dist-packages/starlette/routing.py", line 735, in app
    await route.handle(scope, receive, send)
  File "/usr/local/lib/python3.10/dist-packages/starlette/routing.py", line 288, in handle
    await self.app(scope, receive, send)
  File "/usr/local/lib/python3.10/dist-packages/starlette/routing.py", line 76, in app
    await wrap_app_handling_exceptions(app, request)(scope, receive, send)
  File "/usr/local/lib/python3.10/dist-packages/starlette/_exception_handler.py", line 53, in wrapped_app
    raise exc
  File "/usr/local/lib/python3.10/dist-packages/starlette/_exception_handler.py", line 42, in wrapped_app
    await app(scope, receive, sender)
  File "/usr/local/lib/python3.10/dist-packages/starlette/routing.py", line 73, in app
    response = await f(request)
  File "/usr/local/lib/python3.10/dist-packages/fastapi/routing.py", line 301, in app
    raw_response = await run_endpoint_function(
  File "/usr/local/lib/python3.10/dist-packages/fastapi/routing.py", line 214, in run_endpoint_function
    return await run_in_threadpool(dependant.call, **values)
  File "/usr/local/lib/python3.10/dist-packages/starlette/concurrency.py", line 37, in run_in_threadpool
    return await anyio.to_thread.run_sync(func)
  File "/usr/local/lib/python3.10/dist-packages/anyio/to_thread.py", line 56, in run_sync
    return await get_async_backend().run_sync_in_worker_thread(
  File "/usr/local/lib/python3.10/dist-packages/anyio/_backends/_asyncio.py", line 2461, in run_sync_in_worker_thread
    return await future
  File "/usr/local/lib/python3.10/dist-packages/anyio/_backends/_asyncio.py", line 962, in run
    result = context.run(func, *args)
  File "/usr/local/lib/python3.10/dist-packages/chromadb/telemetry/opentelemetry/__init__.py", line 127, in wrapper
    return f(*args, **kwargs)
  File "/usr/local/lib/python3.10/dist-packages/chromadb/auth/fastapi.py", line 241, in wrapped
    return f(*args, **kwargs)
  File "/usr/local/lib/python3.10/dist-packages/chromadb/server/fastapi/__init__.py", line 415, in create_collection
    return self._api.create_collection(
  File "/usr/local/lib/python3.10/dist-packages/chromadb/telemetry/opentelemetry/__init__.py", line 127, in wrapper
    return f(*args, **kwargs)
  File "/usr/local/lib/python3.10/dist-packages/chromadb/api/segment.py", line 167, in create_collection
    coll, created = self._sysdb.create_collection(
  File "/usr/local/lib/python3.10/dist-packages/chromadb/telemetry/opentelemetry/__init__.py", line 127, in wrapper
    return f(*args, **kwargs)
  File "/usr/local/lib/python3.10/dist-packages/chromadb/db/mixins/sysdb.py", line 209, in create_collection
    existing = self.get_collections(name=name, tenant=tenant, database=database)
  File "/usr/local/lib/python3.10/dist-packages/chromadb/telemetry/opentelemetry/__init__.py", line 127, in wrapper
    return f(*args, **kwargs)
  File "/usr/local/lib/python3.10/dist-packages/chromadb/db/mixins/sysdb.py", line 435, in get_collections
    rows = cur.execute(sql, params).fetchall()
sqlite3.OperationalError: no such column: collections.topic
[32mINFO[0m:     [23-04-2025 06:53:18] 127.0.0.1:36756 - "POST /api/v1/collections?tenant=default_tenant&database=default_database HTTP/1.1" 500
[32mINFO[0m:     [23-04-2025 07:00:18] Shutting down
[32mINFO[0m:     [23-04-2025 07:00:18] Waiting for application shutdown.
[36mDEBUG[0m:    [23-04-2025 07:00:18] Stopping component System
[36mDEBUG[0m:    [23-04-2025 07:00:18] Stopping component SegmentAPI
[36mDEBUG[0m:    [23-04-2025 07:00:18] Stopping component LocalSegmentManager
[36mDEBUG[0m:    [23-04-2025 07:00:18] Stopping component Posthog
[36mDEBUG[0m:    [23-04-2025 07:00:18] Stopping component QuotaEnforcer
[36mDEBUG[0m:    [23-04-2025 07:00:18] Stopping component SqliteDB
[36mDEBUG[0m:    [23-04-2025 07:00:18] Stopping component SimpleAssignmentPolicy
[36mDEBUG[0m:    [23-04-2025 07:00:18] Stopping component OpenTelemetryClient
[32mINFO[0m:     [23-04-2025 07:00:18] Application shutdown complete.
[32mINFO[0m:     [23-04-2025 07:00:18] Finished server process [[36m88820[0m]
[33mWARNING[0m:  [23-04-2025 07:00:32] chroma_server_nofile is set to 65535, but this is less than current soft limit of 1048576. chroma_server_nofile will not be set.
[32mINFO[0m:     [23-04-2025 07:00:32] Anonymized telemetry enabled. See                     https://docs.trychroma.com/telemetry for more information.
[36mDEBUG[0m:    [23-04-2025 07:00:32] Starting component System
[36mDEBUG[0m:    [23-04-2025 07:00:32] Starting component OpenTelemetryClient
[36mDEBUG[0m:    [23-04-2025 07:00:32] Starting component SimpleAssignmentPolicy
[36mDEBUG[0m:    [23-04-2025 07:00:32] Starting component SqliteDB
[36mDEBUG[0m:    [23-04-2025 07:00:32] Starting component QuotaEnforcer
[36mDEBUG[0m:    [23-04-2025 07:00:32] Starting component Posthog
[36mDEBUG[0m:    [23-04-2025 07:00:32] Starting component LocalSegmentManager
[36mDEBUG[0m:    [23-04-2025 07:00:32] Starting component SegmentAPI
[32mINFO[0m:     [23-04-2025 07:00:32] Started server process [[36m12917[0m]
[32mINFO[0m:     [23-04-2025 07:00:32] Waiting for application startup.
[32mINFO[0m:     [23-04-2025 07:00:32] Application startup complete.
[32mINFO[0m:     [23-04-2025 07:00:32] Uvicorn running on [1mhttp://0.0.0.0:8000[0m (Press CTRL+C to quit)
[32mINFO[0m:     [23-04-2025 07:00:33] Shutting down
[32mINFO[0m:     [23-04-2025 07:00:33] Waiting for application shutdown.
[36mDEBUG[0m:    [23-04-2025 07:00:33] Stopping component System
[36mDEBUG[0m:    [23-04-2025 07:00:33] Stopping component SegmentAPI
[36mDEBUG[0m:    [23-04-2025 07:00:33] Stopping component LocalSegmentManager
[36mDEBUG[0m:    [23-04-2025 07:00:33] Stopping component Posthog
[36mDEBUG[0m:    [23-04-2025 07:00:33] Stopping component QuotaEnforcer
[36mDEBUG[0m:    [23-04-2025 07:00:33] Stopping component SqliteDB
[36mDEBUG[0m:    [23-04-2025 07:00:33] Stopping component SimpleAssignmentPolicy
[36mDEBUG[0m:    [23-04-2025 07:00:33] Stopping component OpenTelemetryClient
[32mINFO[0m:     [23-04-2025 07:00:33] Application shutdown complete.
[32mINFO[0m:     [23-04-2025 07:00:33] Finished server process [[36m12917[0m]
[33mWARNING[0m:  [23-04-2025 07:00:36] chroma_server_nofile is set to 65535, but this is less than current soft limit of 1048576. chroma_server_nofile will not be set.
[32mINFO[0m:     [23-04-2025 07:00:36] Anonymized telemetry enabled. See                     https://docs.trychroma.com/telemetry for more information.
[36mDEBUG[0m:    [23-04-2025 07:00:36] Starting component System
[36mDEBUG[0m:    [23-04-2025 07:00:36] Starting component OpenTelemetryClient
[36mDEBUG[0m:    [23-04-2025 07:00:36] Starting component SimpleAssignmentPolicy
[36mDEBUG[0m:    [23-04-2025 07:00:36] Starting component SqliteDB
[36mDEBUG[0m:    [23-04-2025 07:00:36] Starting component QuotaEnforcer
[36mDEBUG[0m:    [23-04-2025 07:00:36] Starting component Posthog
[36mDEBUG[0m:    [23-04-2025 07:00:36] Starting component LocalSegmentManager
[36mDEBUG[0m:    [23-04-2025 07:00:36] Starting component SegmentAPI
[32mINFO[0m:     [23-04-2025 07:00:36] Started server process [[36m12998[0m]
[32mINFO[0m:     [23-04-2025 07:00:36] Waiting for application startup.
[32mINFO[0m:     [23-04-2025 07:00:36] Application startup complete.
[32mINFO[0m:     [23-04-2025 07:00:36] Uvicorn running on [1mhttp://0.0.0.0:8000[0m (Press CTRL+C to quit)
[32mINFO[0m:     [23-04-2025 07:05:07] Shutting down
[32mINFO[0m:     [23-04-2025 07:05:07] Waiting for application shutdown.
[36mDEBUG[0m:    [23-04-2025 07:05:07] Stopping component System
[36mDEBUG[0m:    [23-04-2025 07:05:07] Stopping component SegmentAPI
[36mDEBUG[0m:    [23-04-2025 07:05:07] Stopping component LocalSegmentManager
[36mDEBUG[0m:    [23-04-2025 07:05:07] Stopping component Posthog
[36mDEBUG[0m:    [23-04-2025 07:05:07] Stopping component QuotaEnforcer
[36mDEBUG[0m:    [23-04-2025 07:05:07] Stopping component SqliteDB
[36mDEBUG[0m:    [23-04-2025 07:05:07] Stopping component SimpleAssignmentPolicy
[36mDEBUG[0m:    [23-04-2025 07:05:07] Stopping component OpenTelemetryClient
[32mINFO[0m:     [23-04-2025 07:05:07] Application shutdown complete.
[32mINFO[0m:     [23-04-2025 07:05:07] Finished server process [[36m12998[0m]
